[2020-07-27 17:54:57] [main] [INFO] Starting NichemarketApplication on DESKTOP-F5PNO4S with PID 8348 (started by Ferry in H:\Spring Project\spring-plp)
[2020-07-27 17:54:57] [main] [INFO] No active profile set, falling back to default profiles: default
[2020-07-27 17:55:00] [main] [INFO] Bootstrapping Spring Data JPA repositories in DEFAULT mode.
[2020-07-27 17:55:00] [main] [INFO] Finished Spring Data repository scanning in 653ms. Found 129 JPA repository interfaces.
[2020-07-27 17:55:01] [main] [INFO] No bean named 'errorChannel' has been explicitly defined. Therefore, a default PublishSubscribeChannel will be created.
[2020-07-27 17:55:01] [main] [INFO] No bean named 'integrationHeaderChannelRegistry' has been explicitly defined. Therefore, a default DefaultHeaderChannelRegistry will be created.
[2020-07-27 17:55:01] [main] [INFO] Bean 'asyncConfig' of type [id.equity.nichemarket.config.async.AsyncConfig$$EnhancerBySpringCGLIB$$b8957024] is not eligible for getting processed by all BeanPostProcessors (for example: not eligible for auto-proxying)
[2020-07-27 17:55:01] [main] [INFO] Bean 'org.springframework.transaction.annotation.ProxyTransactionManagementConfiguration' of type [org.springframework.transaction.annotation.ProxyTransactionManagementConfiguration] is not eligible for getting processed by all BeanPostProcessors (for example: not eligible for auto-proxying)
[2020-07-27 17:55:01] [main] [INFO] Bean 'org.springframework.security.config.annotation.configuration.ObjectPostProcessorConfiguration' of type [org.springframework.security.config.annotation.configuration.ObjectPostProcessorConfiguration] is not eligible for getting processed by all BeanPostProcessors (for example: not eligible for auto-proxying)
[2020-07-27 17:55:01] [main] [INFO] Bean 'objectPostProcessor' of type [org.springframework.security.config.annotation.configuration.AutowireBeanFactoryObjectPostProcessor] is not eligible for getting processed by all BeanPostProcessors (for example: not eligible for auto-proxying)
[2020-07-27 17:55:01] [main] [INFO] Bean 'org.springframework.security.access.expression.method.DefaultMethodSecurityExpressionHandler@22d9bc14' of type [org.springframework.security.access.expression.method.DefaultMethodSecurityExpressionHandler] is not eligible for getting processed by all BeanPostProcessors (for example: not eligible for auto-proxying)
[2020-07-27 17:55:01] [main] [INFO] Bean 'org.springframework.security.config.annotation.method.configuration.GlobalMethodSecurityConfiguration' of type [org.springframework.security.config.annotation.method.configuration.GlobalMethodSecurityConfiguration] is not eligible for getting processed by all BeanPostProcessors (for example: not eligible for auto-proxying)
[2020-07-27 17:55:01] [main] [INFO] Bean 'methodSecurityMetadataSource' of type [org.springframework.security.access.method.DelegatingMethodSecurityMetadataSource] is not eligible for getting processed by all BeanPostProcessors (for example: not eligible for auto-proxying)
[2020-07-27 17:55:01] [main] [INFO] Bean 'integrationChannelResolver' of type [org.springframework.integration.support.channel.BeanFactoryChannelResolver] is not eligible for getting processed by all BeanPostProcessors (for example: not eligible for auto-proxying)
[2020-07-27 17:55:01] [main] [INFO] Bean 'integrationDisposableAutoCreatedBeans' of type [org.springframework.integration.config.annotation.Disposables] is not eligible for getting processed by all BeanPostProcessors (for example: not eligible for auto-proxying)
[2020-07-27 17:55:01] [main] [INFO] Bean 'org.springframework.integration.config.IntegrationManagementConfiguration' of type [org.springframework.integration.config.IntegrationManagementConfiguration] is not eligible for getting processed by all BeanPostProcessors (for example: not eligible for auto-proxying)
[2020-07-27 17:55:02] [main] [INFO] Tomcat initialized with port(s): 8082 (http)
[2020-07-27 17:55:02] [main] [INFO] Initializing ProtocolHandler ["http-nio-8082"]
[2020-07-27 17:55:02] [main] [INFO] Starting service [Tomcat]
[2020-07-27 17:55:02] [main] [INFO] Starting Servlet engine: [Apache Tomcat/9.0.30]
[2020-07-27 17:55:02] [main] [INFO] Initializing Spring embedded WebApplicationContext
[2020-07-27 17:55:02] [main] [INFO] Root WebApplicationContext: initialization completed in 4711 ms
[2020-07-27 17:55:03] [main] [INFO] HHH000204: Processing PersistenceUnitInfo [name: default]
[2020-07-27 17:55:03] [main] [INFO] HHH000412: Hibernate Core {5.4.10.Final}
[2020-07-27 17:55:03] [main] [INFO] HCANN000001: Hibernate Commons Annotations {5.1.0.Final}
[2020-07-27 17:55:03] [main] [INFO] HikariPool-1 - Starting...
[2020-07-27 17:55:03] [main] [INFO] HikariPool-1 - Start completed.
[2020-07-27 17:55:03] [main] [INFO] HHH000400: Using dialect: org.hibernate.dialect.PostgreSQLDialect
[2020-07-27 17:55:08] [main] [INFO] HHH000490: Using JtaPlatform implementation: [org.hibernate.engine.transaction.jta.platform.internal.NoJtaPlatform]
[2020-07-27 17:55:08] [main] [INFO] Initialized JPA EntityManagerFactory for persistence unit 'default'
[2020-07-27 17:55:09] [main] [WARN] spring.jpa.open-in-view is enabled by default. Therefore, database queries may be performed during view rendering. Explicitly configure spring.jpa.open-in-view to disable this warning
[2020-07-28 20:55:09] [main] [DEBUG] spring.jpa.open-in-view is enabled by default. Therefore, database queries may be performed during view rendering. Explicitly configure spring.jpa.open-in-view to disable this warning
[2020-07-28 21:55:09] [main] [DEBUG] debug1
[2020-07-28 21:55:09] [main] [DEBUG] debug2
[2020-07-28 20:55:09] [main] [DEBUG] spring.jpa.open-in-view is enabled by default. Therefore, database queries may be performed during view rendering. Explicitly configure spring.jpa.open-in-view to disable this warning
[2020-07-28 21:55:09] [main] [DEBUG] debug1
[2020-07-28 21:55:09] [main] [DEBUG] debug2
[2020-07-30 21:55:09] [main] [DEBUG] OUTSIDE VOLUME
[2020-07-30 21:55:09] [main] [DEBUG] FROM VOLUME DOCKER MOUNTING
[2020-07-30 21:55:09] [main] [DEBUG] OUTSIDE VOLUME
[2020-07-30 21:55:09] [main] [DEBUG] FROM VOLUME DOCKER MOUNTING
